Determining if the Q_WS_X11 exist failed with the following output:
Change Dir: /home/agc/Escritorio/Robotica/ejemplo1/build/CMakeFiles/CMakeTmp

Run Build Command:"/usr/bin/make" "cmTC_f0fbe/fast"
/usr/bin/make -f CMakeFiles/cmTC_f0fbe.dir/build.make CMakeFiles/cmTC_f0fbe.dir/build
make[1]: Entering directory '/home/agc/Escritorio/Robotica/ejemplo1/build/CMakeFiles/CMakeTmp'
Building CXX object CMakeFiles/cmTC_f0fbe.dir/CheckSymbolExists.cxx.o
/usr/bin/c++    -I/usr/include/qt4   -o CMakeFiles/cmTC_f0fbe.dir/CheckSymbolExists.cxx.o -c /home/agc/Escritorio/Robotica/ejemplo1/build/CMakeFiles/CMakeTmp/CheckSymbolExists.cxx
Assembler messages:
Fatal error: can't create CMakeFiles/cmTC_f0fbe.dir/CheckSymbolExists.cxx.o: No such file or directory
CMakeFiles/cmTC_f0fbe.dir/build.make:65: recipe for target 'CMakeFiles/cmTC_f0fbe.dir/CheckSymbolExists.cxx.o' failed
make[1]: *** [CMakeFiles/cmTC_f0fbe.dir/CheckSymbolExists.cxx.o] Error 1
make[1]: Leaving directory '/home/agc/Escritorio/Robotica/ejemplo1/build/CMakeFiles/CMakeTmp'
Makefile:126: recipe for target 'cmTC_f0fbe/fast' failed
make: *** [cmTC_f0fbe/fast] Error 2

File /home/agc/Escritorio/Robotica/ejemplo1/build/CMakeFiles/CMakeTmp/CheckSymbolExists.cxx:
/* */
#include <QtCore/qglobal.h>

int main(int argc, char** argv)
{
  (void)argv;
#ifndef Q_WS_X11
  return ((int*)(&Q_WS_X11))[argc];
#else
  (void)argc;
  return 0;
#endif
}

Detecting CXX [-std=c++14] compiler features failed to compile with the following output:
Change Dir: /home/agc/Escritorio/Robotica/ejemplo1/build/CMakeFiles/CMakeTmp

Run Build Command:"/usr/bin/make" "cmTC_a9edf/fast"
/usr/bin/make -f CMakeFiles/cmTC_a9edf.dir/build.make CMakeFiles/cmTC_a9edf.dir/build
make[1]: Entering directory '/home/agc/Escritorio/Robotica/ejemplo1/build/CMakeFiles/CMakeTmp'
Building CXX object CMakeFiles/cmTC_a9edf.dir/feature_tests.cxx.o
/usr/bin/c++     -std=c++14 -o CMakeFiles/cmTC_a9edf.dir/feature_tests.cxx.o -c /home/agc/Escritorio/Robotica/ejemplo1/build/CMakeFiles/feature_tests.cxx
Linking CXX executable cmTC_a9edf
/usr/bin/cmake -E cmake_link_script CMakeFiles/cmTC_a9edf.dir/link.txt --verbose=1
Error opening link script "CMakeFiles/cmTC_a9edf.dir/link.txt"
CMakeFiles/cmTC_a9edf.dir/build.make:97: recipe for target 'cmTC_a9edf' failed
make[1]: *** [cmTC_a9edf] Error 1
make[1]: Leaving directory '/home/agc/Escritorio/Robotica/ejemplo1/build/CMakeFiles/CMakeTmp'
Makefile:126: recipe for target 'cmTC_a9edf/fast' failed
make: *** [cmTC_a9edf/fast] Error 2



Determining if the Q_WS_WIN exist failed with the following output:
Change Dir: /home/agc/Escritorio/Robotica/ejemplo1/build/CMakeFiles/CMakeTmp

Run Build Command:"/usr/bin/make" "cmTC_edcb4/fast"
/usr/bin/make -f CMakeFiles/cmTC_edcb4.dir/build.make CMakeFiles/cmTC_edcb4.dir/build
make[1]: Entering directory '/home/agc/Escritorio/Robotica/ejemplo1/build/CMakeFiles/CMakeTmp'
Building CXX object CMakeFiles/cmTC_edcb4.dir/CheckSymbolExists.cxx.o
/usr/bin/c++    -I/usr/include/qt4   -o CMakeFiles/cmTC_edcb4.dir/CheckSymbolExists.cxx.o -c /home/agc/Escritorio/Robotica/ejemplo1/build/CMakeFiles/CMakeTmp/CheckSymbolExists.cxx
c++: error: /home/agc/Escritorio/Robotica/ejemplo1/build/CMakeFiles/CMakeTmp/CheckSymbolExists.cxx: No such file or directory
c++: fatal error: no input files
compilation terminated.
CMakeFiles/cmTC_edcb4.dir/build.make:65: recipe for target 'CMakeFiles/cmTC_edcb4.dir/CheckSymbolExists.cxx.o' failed
make[1]: *** [CMakeFiles/cmTC_edcb4.dir/CheckSymbolExists.cxx.o] Error 1
make[1]: Leaving directory '/home/agc/Escritorio/Robotica/ejemplo1/build/CMakeFiles/CMakeTmp'
Makefile:126: recipe for target 'cmTC_edcb4/fast' failed
make: *** [cmTC_edcb4/fast] Error 2

File /home/agc/Escritorio/Robotica/ejemplo1/build/CMakeFiles/CMakeTmp/CheckSymbolExists.cxx:
/* */
#include <QtCore/qglobal.h>

int main(int argc, char** argv)
{
  (void)argv;
#ifndef Q_WS_WIN
  return ((int*)(&Q_WS_WIN))[argc];
#else
  (void)argc;
  return 0;
#endif
}

Determining if the Q_WS_MAC exist failed with the following output:

File /home/agc/Escritorio/Robotica/ejemplo1/build/CMakeFiles/CMakeTmp/CheckSymbolExists.cxx:
/* */
#include <QtCore/qglobal.h>

int main(int argc, char** argv)
{
  (void)argv;
#ifndef Q_WS_MAC
  return ((int*)(&Q_WS_MAC))[argc];
#else
  (void)argc;
  return 0;
#endif
}

Determining if the Q_WS_WIN exist failed with the following output:

File /home/agc/Escritorio/Robotica/ejemplo1/build/CMakeFiles/CMakeTmp/CheckSymbolExists.cxx:
/* */
#include <QtCore/qglobal.h>

int main(int argc, char** argv)
{
  (void)argv;
#ifndef Q_WS_WIN
  return ((int*)(&Q_WS_WIN))[argc];
#else
  (void)argc;
  return 0;
#endif
}

Determining if the Q_WS_QWS exist failed with the following output:
Change Dir: /home/agc/Escritorio/Robotica/ejemplo1/build/CMakeFiles/CMakeTmp

Run Build Command:"/usr/bin/make" "cmTC_ea90f/fast"
/usr/bin/make -f CMakeFiles/cmTC_ea90f.dir/build.make CMakeFiles/cmTC_ea90f.dir/build
make[1]: Entering directory '/home/agc/Escritorio/Robotica/ejemplo1/build/CMakeFiles/CMakeTmp'
Building CXX object CMakeFiles/cmTC_ea90f.dir/CheckSymbolExists.cxx.o
/usr/bin/c++    -I/usr/include/qt4   -o CMakeFiles/cmTC_ea90f.dir/CheckSymbolExists.cxx.o -c /home/agc/Escritorio/Robotica/ejemplo1/build/CMakeFiles/CMakeTmp/CheckSymbolExists.cxx
/home/agc/Escritorio/Robotica/ejemplo1/build/CMakeFiles/CMakeTmp/CheckSymbolExists.cxx: In function ‘int main(int, char**)’:
/home/agc/Escritorio/Robotica/ejemplo1/build/CMakeFiles/CMakeTmp/CheckSymbolExists.cxx:8:19: error: ‘Q_WS_QWS’ was not declared in this scope
   return ((int*)(&Q_WS_QWS))[argc];
                   ^
CMakeFiles/cmTC_ea90f.dir/build.make:65: recipe for target 'CMakeFiles/cmTC_ea90f.dir/CheckSymbolExists.cxx.o' failed
make[1]: *** [CMakeFiles/cmTC_ea90f.dir/CheckSymbolExists.cxx.o] Error 1
make[1]: Leaving directory '/home/agc/Escritorio/Robotica/ejemplo1/build/CMakeFiles/CMakeTmp'
Makefile:126: recipe for target 'cmTC_ea90f/fast' failed
make: *** [cmTC_ea90f/fast] Error 2

File /home/agc/Escritorio/Robotica/ejemplo1/build/CMakeFiles/CMakeTmp/CheckSymbolExists.cxx:
/* */
#include <QtCore/qglobal.h>

int main(int argc, char** argv)
{
  (void)argv;
#ifndef Q_WS_QWS
  return ((int*)(&Q_WS_QWS))[argc];
#else
  (void)argc;
  return 0;
#endif
}

Determining if the Q_WS_MAC exist failed with the following output:
Change Dir: /home/agc/Escritorio/Robotica/ejemplo1/build/CMakeFiles/CMakeTmp

Run Build Command:"/usr/bin/make" "cmTC_b9576/fast"
/usr/bin/make -f CMakeFiles/cmTC_b9576.dir/build.make CMakeFiles/cmTC_b9576.dir/build
make[1]: Entering directory '/home/agc/Escritorio/Robotica/ejemplo1/build/CMakeFiles/CMakeTmp'
Building CXX object CMakeFiles/cmTC_b9576.dir/CheckSymbolExists.cxx.o
/usr/bin/c++    -I/usr/include/qt4   -o CMakeFiles/cmTC_b9576.dir/CheckSymbolExists.cxx.o -c /home/agc/Escritorio/Robotica/ejemplo1/build/CMakeFiles/CMakeTmp/CheckSymbolExists.cxx
/home/agc/Escritorio/Robotica/ejemplo1/build/CMakeFiles/CMakeTmp/CheckSymbolExists.cxx: In function ‘int main(int, char**)’:
/home/agc/Escritorio/Robotica/ejemplo1/build/CMakeFiles/CMakeTmp/CheckSymbolExists.cxx:8:19: error: ‘Q_WS_MAC’ was not declared in this scope
   return ((int*)(&Q_WS_MAC))[argc];
                   ^
CMakeFiles/cmTC_b9576.dir/build.make:65: recipe for target 'CMakeFiles/cmTC_b9576.dir/CheckSymbolExists.cxx.o' failed
make[1]: *** [CMakeFiles/cmTC_b9576.dir/CheckSymbolExists.cxx.o] Error 1
make[1]: Leaving directory '/home/agc/Escritorio/Robotica/ejemplo1/build/CMakeFiles/CMakeTmp'
Makefile:126: recipe for target 'cmTC_b9576/fast' failed
make: *** [cmTC_b9576/fast] Error 2

File /home/agc/Escritorio/Robotica/ejemplo1/build/CMakeFiles/CMakeTmp/CheckSymbolExists.cxx:
/* */
#include <QtCore/qglobal.h>

int main(int argc, char** argv)
{
  (void)argv;
#ifndef Q_WS_MAC
  return ((int*)(&Q_WS_MAC))[argc];
#else
  (void)argc;
  return 0;
#endif
}

